This is XeTeX, Version 3.14159265-2.6-0.99996 (TeX Live 2016) (preloaded format=xelatex 2017.3.28)  24 JUL 2020 00:50
entering extended mode
 restricted \write18 enabled.
 %&-line parsing enabled.
**statistics.tex
(./statistics.tex
LaTeX2e <2017/01/01> patch level 3
Babel <3.9r> and hyphenation patterns for 83 language(s) loaded.
(/usr/local/texlive/2016/texmf-dist/tex/latex/base/book.cls
Document Class: book 2014/09/29 v1.4h Standard LaTeX document class
(/usr/local/texlive/2016/texmf-dist/tex/latex/base/bk10.clo
File: bk10.clo 2014/09/29 v1.4h Standard LaTeX file (size option)
)
\c@part=\count79
\c@chapter=\count80
\c@section=\count81
\c@subsection=\count82
\c@subsubsection=\count83
\c@paragraph=\count84
\c@subparagraph=\count85
\c@figure=\count86
\c@table=\count87
\abovecaptionskip=\skip41
\belowcaptionskip=\skip42
\bibindent=\dimen102
) (/usr/local/texlive/2016/texmf-dist/tex/latex/lm/lmodern.sty
Package: lmodern 2009/10/30 v1.6 Latin Modern Fonts
LaTeX Font Info:    Overwriting symbol font `operators' in version `normal'
(Font)                  OT1/cmr/m/n --> OT1/lmr/m/n on input line 22.
LaTeX Font Info:    Overwriting symbol font `letters' in version `normal'
(Font)                  OML/cmm/m/it --> OML/lmm/m/it on input line 23.
LaTeX Font Info:    Overwriting symbol font `symbols' in version `normal'
(Font)                  OMS/cmsy/m/n --> OMS/lmsy/m/n on input line 24.
LaTeX Font Info:    Overwriting symbol font `largesymbols' in version `normal'
(Font)                  OMX/cmex/m/n --> OMX/lmex/m/n on input line 25.
LaTeX Font Info:    Overwriting symbol font `operators' in version `bold'
(Font)                  OT1/cmr/bx/n --> OT1/lmr/bx/n on input line 26.
LaTeX Font Info:    Overwriting symbol font `letters' in version `bold'
(Font)                  OML/cmm/b/it --> OML/lmm/b/it on input line 27.
LaTeX Font Info:    Overwriting symbol font `symbols' in version `bold'
(Font)                  OMS/cmsy/b/n --> OMS/lmsy/b/n on input line 28.
LaTeX Font Info:    Overwriting symbol font `largesymbols' in version `bold'
(Font)                  OMX/cmex/m/n --> OMX/lmex/m/n on input line 29.
LaTeX Font Info:    Overwriting math alphabet `\mathbf' in version `normal'
(Font)                  OT1/cmr/bx/n --> OT1/lmr/bx/n on input line 31.
LaTeX Font Info:    Overwriting math alphabet `\mathsf' in version `normal'
(Font)                  OT1/cmss/m/n --> OT1/lmss/m/n on input line 32.
LaTeX Font Info:    Overwriting math alphabet `\mathit' in version `normal'
(Font)                  OT1/cmr/m/it --> OT1/lmr/m/it on input line 33.
LaTeX Font Info:    Overwriting math alphabet `\mathtt' in version `normal'
(Font)                  OT1/cmtt/m/n --> OT1/lmtt/m/n on input line 34.
LaTeX Font Info:    Overwriting math alphabet `\mathbf' in version `bold'
(Font)                  OT1/cmr/bx/n --> OT1/lmr/bx/n on input line 35.
LaTeX Font Info:    Overwriting math alphabet `\mathsf' in version `bold'
(Font)                  OT1/cmss/bx/n --> OT1/lmss/bx/n on input line 36.
LaTeX Font Info:    Overwriting math alphabet `\mathit' in version `bold'
(Font)                  OT1/cmr/bx/it --> OT1/lmr/bx/it on input line 37.
LaTeX Font Info:    Overwriting math alphabet `\mathtt' in version `bold'
(Font)                  OT1/cmtt/m/n --> OT1/lmtt/m/n on input line 38.
) (/usr/local/texlive/2016/texmf-dist/tex/latex/amsfonts/amssymb.sty
Package: amssymb 2013/01/14 v3.01 AMS font symbols
(/usr/local/texlive/2016/texmf-dist/tex/latex/amsfonts/amsfonts.sty
Package: amsfonts 2013/01/14 v3.01 Basic AMSFonts support
\@emptytoks=\toks14
\symAMSa=\mathgroup4
\symAMSb=\mathgroup5
LaTeX Font Info:    Overwriting math alphabet `\mathfrak' in version `bold'
(Font)                  U/euf/m/n --> U/euf/b/n on input line 106.
)) (/usr/local/texlive/2016/texmf-dist/tex/latex/amsmath/amsmath.sty
Package: amsmath 2016/11/05 v2.16a AMS math features
\@mathmargin=\skip43
For additional information on amsmath, use the `?' option.
(/usr/local/texlive/2016/texmf-dist/tex/latex/amsmath/amstext.sty
Package: amstext 2000/06/29 v2.01 AMS text
(/usr/local/texlive/2016/texmf-dist/tex/latex/amsmath/amsgen.sty
File: amsgen.sty 1999/11/30 v2.0 generic functions
\@emptytoks=\toks15
\ex@=\dimen103
)) (/usr/local/texlive/2016/texmf-dist/tex/latex/amsmath/amsbsy.sty
Package: amsbsy 1999/11/29 v1.2d Bold Symbols
\pmbraise@=\dimen104
) (/usr/local/texlive/2016/texmf-dist/tex/latex/amsmath/amsopn.sty
Package: amsopn 2016/03/08 v2.02 operator names
)
\inf@bad=\count88
LaTeX Info: Redefining \frac on input line 213.
\uproot@=\count89
\leftroot@=\count90
LaTeX Info: Redefining \overline on input line 375.
\classnum@=\count91
\DOTSCASE@=\count92
LaTeX Info: Redefining \ldots on input line 472.
LaTeX Info: Redefining \dots on input line 475.
LaTeX Info: Redefining \cdots on input line 596.
\Mathstrutbox@=\box26
\strutbox@=\box27
\big@size=\dimen105
LaTeX Font Info:    Redeclaring font encoding OML on input line 712.
LaTeX Font Info:    Redeclaring font encoding OMS on input line 713.
\macc@depth=\count93
\c@MaxMatrixCols=\count94
\dotsspace@=\muskip10
\c@parentequation=\count95
\dspbrk@lvl=\count96
\tag@help=\toks16
\row@=\count97
\column@=\count98
\maxfields@=\count99
\andhelp@=\toks17
\eqnshift@=\dimen106
\alignsep@=\dimen107
\tagshift@=\dimen108
\tagwidth@=\dimen109
\totwidth@=\dimen110
\lineht@=\dimen111
\@envbody=\toks18
\multlinegap=\skip44
\multlinetaggap=\skip45
\mathdisplay@stack=\toks19
LaTeX Info: Redefining \[ on input line 2817.
LaTeX Info: Redefining \] on input line 2818.
) (/usr/local/texlive/2016/texmf-dist/tex/generic/ifxetex/ifxetex.sty
Package: ifxetex 2010/09/12 v0.6 Provides ifxetex conditional
) (/usr/local/texlive/2016/texmf-dist/tex/generic/oberdiek/ifluatex.sty
Package: ifluatex 2016/05/16 v1.4 Provides the ifluatex switch (HO)
Package ifluatex Info: LuaTeX not detected.
) (/usr/local/texlive/2016/texmf-dist/tex/latex/base/fixltx2e.sty
Package: fixltx2e 2016/12/29 v2.1a fixes to LaTeX (obsolete)
Applying: [2015/01/01] Old fixltx2e package on input line 46.

Package fixltx2e Warning: fixltx2e is not required with releases after 2015
(fixltx2e)                All fixes are now in the LaTeX kernel.
(fixltx2e)                See the latexrelease package for details.

Already applied: [0000/00/00] Old fixltx2e package on input line 53.
) (/usr/local/texlive/2016/texmf-dist/tex/latex/unicode-math/unicode-math.sty
Package: unicode-math 2017/01/27 v0.8d Unicode maths in XeLaTeX and LuaLaTeX
(/usr/local/texlive/2016/texmf-dist/tex/latex/l3kernel/expl3.sty
Package: expl3 2017/03/18 v7019 L3 programming layer (loader) 
(/usr/local/texlive/2016/texmf-dist/tex/latex/l3kernel/expl3-code.tex
Package: expl3 2017/03/18 v7019 L3 programming layer (code)
\c_max_int=\count100
\l_tmpa_int=\count101
\l_tmpb_int=\count102
\g_tmpa_int=\count103
\g_tmpb_int=\count104
\g__prg_map_int=\count105
\c_log_iow=\count106
\l_iow_line_count_int=\count107
\l__iow_line_target_int=\count108
\l__iow_one_indent_int=\count109
\l__iow_indent_int=\count110
\c_zero_dim=\dimen112
\c_max_dim=\dimen113
\l_tmpa_dim=\dimen114
\l_tmpb_dim=\dimen115
\g_tmpa_dim=\dimen116
\g_tmpb_dim=\dimen117
\c_zero_skip=\skip46
\c_max_skip=\skip47
\l_tmpa_skip=\skip48
\l_tmpb_skip=\skip49
\g_tmpa_skip=\skip50
\g_tmpb_skip=\skip51
\c_zero_muskip=\muskip11
\c_max_muskip=\muskip12
\l_tmpa_muskip=\muskip13
\l_tmpb_muskip=\muskip14
\g_tmpa_muskip=\muskip15
\g_tmpb_muskip=\muskip16
\l_keys_choice_int=\count111
\c__fp_leading_shift_int=\count112
\c__fp_middle_shift_int=\count113
\c__fp_trailing_shift_int=\count114
\c__fp_big_leading_shift_int=\count115
\c__fp_big_middle_shift_int=\count116
\c__fp_big_trailing_shift_int=\count117
\c__fp_Bigg_leading_shift_int=\count118
\c__fp_Bigg_middle_shift_int=\count119
\c__fp_Bigg_trailing_shift_int=\count120
\l__sort_length_int=\count121
\l__sort_min_int=\count122
\l__sort_top_int=\count123
\l__sort_max_int=\count124
\l__sort_true_max_int=\count125
\l__sort_block_int=\count126
\l__sort_begin_int=\count127
\l__sort_end_int=\count128
\l__sort_A_int=\count129
\l__sort_B_int=\count130
\l__sort_C_int=\count131
\c_empty_box=\box28
\l_tmpa_box=\box29
\l_tmpb_box=\box30
\g_tmpa_box=\box31
\g_tmpb_box=\box32
\l__coffin_internal_box=\box33
\l__coffin_internal_dim=\dimen118
\l__coffin_offset_x_dim=\dimen119
\l__coffin_offset_y_dim=\dimen120
\l__coffin_x_dim=\dimen121
\l__coffin_y_dim=\dimen122
\l__coffin_x_prime_dim=\dimen123
\l__coffin_y_prime_dim=\dimen124
\c_empty_coffin=\box34
\l__coffin_aligned_coffin=\box35
\l__coffin_aligned_internal_coffin=\box36
\l_tmpa_coffin=\box37
\l_tmpb_coffin=\box38
\l__coffin_display_coffin=\box39
\l__coffin_display_coord_coffin=\box40
\l__coffin_display_pole_coffin=\box41
\l__coffin_display_offset_dim=\dimen125
\l__coffin_display_x_dim=\dimen126
\l__coffin_display_y_dim=\dimen127
\l__box_top_dim=\dimen128
\l__box_bottom_dim=\dimen129
\l__box_left_dim=\dimen130
\l__box_right_dim=\dimen131
\l__box_top_new_dim=\dimen132
\l__box_bottom_new_dim=\dimen133
\l__box_left_new_dim=\dimen134
\l__box_right_new_dim=\dimen135
\l__box_internal_box=\box42
\l__coffin_bounding_shift_dim=\dimen136
\l__coffin_left_corner_dim=\dimen137
\l__coffin_right_corner_dim=\dimen138
\l__coffin_bottom_corner_dim=\dimen139
\l__coffin_top_corner_dim=\dimen140
\l__coffin_scaled_total_height_dim=\dimen141
\l__coffin_scaled_width_dim=\dimen142
) (/usr/local/texlive/2016/texmf-dist/tex/latex/l3kernel/l3xdvipdfmx.def
File: l3xdvidpfmx.def 2017/03/18 v7019 L3 Experimental driver: xdvipdfmx
\l__driver_tmp_box=\box43
)) (/usr/local/texlive/2016/texmf-dist/tex/latex/ucharcat/ucharcat.sty
Package: ucharcat 2015/11/19 v0.03 ucharcat for luaLaTeX (DPC)
) (/usr/local/texlive/2016/texmf-dist/tex/latex/l3packages/xparse/xparse.sty
Package: xparse 2017/03/18 v7019 L3 Experimental document command parser
\l__xparse_current_arg_int=\count132
\g__xparse_grabber_int=\count133
\l__xparse_m_args_int=\count134
\l__xparse_mandatory_args_int=\count135
\l__xparse_v_nesting_int=\count136
) (/usr/local/texlive/2016/texmf-dist/tex/latex/l3packages/l3keys2e/l3keys2e.st
y
Package: l3keys2e 2017/03/18 v7019 LaTeX2e option processing using LaTeX3 keys
) (/usr/local/texlive/2016/texmf-dist/tex/latex/fontspec/fontspec.sty
Package: fontspec 2017/02/12 v2.6 Font selection for XeLaTeX and LuaLaTeX
(/usr/local/texlive/2016/texmf-dist/tex/latex/fontspec/fontspec-xetex.sty
Package: fontspec-xetex 2017/02/12 v2.6 Font selection for XeLaTeX and LuaLaTeX

\l__fontspec_script_int=\count137
\l__fontspec_language_int=\count138
\l__fontspec_strnum_int=\count139
\l__fontspec_tmp_int=\count140
\l__fontspec_em_int=\count141
\l__fontspec_emdef_int=\count142
\l__fontspec_strong_int=\count143
\l__fontspec_strongdef_int=\count144
\l__fontspec_tmpa_dim=\dimen143
\l__fontspec_tmpb_dim=\dimen144
\l__fontspec_tmpc_dim=\dimen145
\g__file_internal_ior=\read1
(/usr/local/texlive/2016/texmf-dist/tex/latex/base/fontenc.sty
Package: fontenc 2017/02/22 v2.0g Standard LaTeX package
(/usr/local/texlive/2016/texmf-dist/tex/latex/base/tuenc.def
File: tuenc.def 2017/02/22 v2.0g Standard LaTeX file
LaTeX Font Info:    Redeclaring font encoding TU on input line 82.
))
.................................................
. LaTeX info: "xparse/define-command"
. 
. Defining command \fontspec with sig. 'O{}mO{}' on line 475.
.................................................
.................................................
. LaTeX info: "xparse/define-command"
. 
. Defining command \setmainfont with sig. 'O{}mO{}' on line 491.
.................................................
.................................................
. LaTeX info: "xparse/define-command"
. 
. Defining command \setsansfont with sig. 'O{}mO{}' on line 507.
.................................................
.................................................
. LaTeX info: "xparse/define-command"
. 
. Defining command \setmonofont with sig. 'O{}mO{}' on line 523.
.................................................
.................................................
. LaTeX info: "xparse/define-command"
. 
. Defining command \setmathrm with sig. 'O{}mO{}' on line 528.
.................................................
.................................................
. LaTeX info: "xparse/define-command"
. 
. Defining command \setboldmathrm with sig. 'O{}mO{}' on line 533.
.................................................
.................................................
. LaTeX info: "xparse/define-command"
. 
. Defining command \setmathsf with sig. 'O{}mO{}' on line 538.
.................................................
.................................................
. LaTeX info: "xparse/define-command"
. 
. Defining command \setmathtt with sig. 'O{}mO{}' on line 543.
.................................................
.................................................
. LaTeX info: "xparse/define-command"
. 
. Defining command \newfontfamily with sig. 'mO{}mO{}' on line 563.
.................................................
.................................................
. LaTeX info: "xparse/define-command"
. 
. Defining command \newfontface with sig. 'mO{}mO{}' on line 567.
.................................................
.................................................
. LaTeX info: "xparse/define-command"
. 
. Defining command \defaultfontfeatures with sig. 't+om' on line 574.
.................................................
.................................................
. LaTeX info: "xparse/define-command"
. 
. Defining command \addfontfeatures with sig. 'm' on line 623.
.................................................
.................................................
. LaTeX info: "xparse/define-command"
. 
. Defining command \newfontfeature with sig. 'mm' on line 634.
.................................................
.................................................
. LaTeX info: "xparse/define-command"
. 
. Defining command \newAATfeature with sig. 'mmmm' on line 642.
.................................................
.................................................
. LaTeX info: "xparse/define-command"
. 
. Defining command \newopentypefeature with sig. 'mmm' on line 652.
.................................................
.................................................
. LaTeX info: "xparse/define-command"
. 
. Defining command \aliasfontfeature with sig. 'mm' on line 675.
.................................................
.................................................
. LaTeX info: "xparse/define-command"
. 
. Defining command \aliasfontfeatureoption with sig. 'mmm' on line 692.
.................................................
.................................................
. LaTeX info: "xparse/define-command"
. 
. Defining command \newfontscript with sig. 'mm' on line 696.
.................................................
.................................................
. LaTeX info: "xparse/define-command"
. 
. Defining command \newfontlanguage with sig. 'mm' on line 700.
.................................................
.................................................
. LaTeX info: "xparse/define-command"
. 
. Defining command \DeclareFontsExtensions with sig. 'm' on line 705.
.................................................
.................................................
. LaTeX info: "xparse/define-command"
. 
. Defining command \IfFontFeatureActiveTF with sig. 'mmm' on line 711.
.................................................
.................................................
. LaTeX info: "xparse/define-command"
. 
. Defining command \EncodingCommand with sig. 'mO{}m' on line 3338.
.................................................
.................................................
. LaTeX info: "xparse/define-command"
. 
. Defining command \EncodingAccent with sig. 'mm' on line 3344.
.................................................
.................................................
. LaTeX info: "xparse/define-command"
. 
. Defining command \EncodingSymbol with sig. 'mm' on line 3350.
.................................................
.................................................
. LaTeX info: "xparse/define-command"
. 
. Defining command \EncodingComposite with sig. 'mmm' on line 3356.
.................................................
.................................................
. LaTeX info: "xparse/define-command"
. 
. Defining command \EncodingCompositeCommand with sig. 'mmm' on line 3362.
.................................................
.................................................
. LaTeX info: "xparse/define-command"
. 
. Defining command \DeclareUnicodeEncoding with sig. 'mm' on line 3387.
.................................................
.................................................
. LaTeX info: "xparse/define-command"
. 
. Defining command \UndeclareSymbol with sig. 'm' on line 3393.
.................................................
.................................................
. LaTeX info: "xparse/define-command"
. 
. Defining command \UndeclareComposite with sig. 'mm' on line 3401.
.................................................
(/usr/local/texlive/2016/texmf-dist/tex/latex/fontspec/fontspec.cfg)
LaTeX Info: Redefining \itshape on input line 3586.
LaTeX Info: Redefining \slshape on input line 3591.
LaTeX Info: Redefining \scshape on input line 3596.
LaTeX Info: Redefining \upshape on input line 3601.
LaTeX Info: Redefining \em on input line 3631.
LaTeX Info: Redefining \emph on input line 3656.
LaTeX Info: Redefining \- on input line 3707.
.................................................
. LaTeX info: "xparse/redefine-command"
. 
. Redefining command \oldstylenums with sig. 'm' on line 3802.
.................................................
.................................................
. LaTeX info: "xparse/define-command"
. 
. Defining command \liningnums with sig. 'm' on line 3806.
.................................................
)) (/usr/local/texlive/2016/texmf-dist/tex/latex/base/fix-cm.sty
Package: fix-cm 2015/01/14 v1.1t fixes to LaTeX
(/usr/local/texlive/2016/texmf-dist/tex/latex/base/ts1enc.def
File: ts1enc.def 2001/06/05 v3.0e (jk/car/fm) Standard LaTeX file
)) (/usr/local/texlive/2016/texmf-dist/tex/latex/filehook/filehook.sty
Package: filehook 2011/10/12 v0.5d Hooks for input files
)
\g__um_fam_int=\count145
\g__um_primekern_muskip=\muskip17
\l__um_primecount_int=\count146
.................................................
. LaTeX info: "xparse/define-command"
. 
. Defining command \unimathsetup with sig. 'm' on line 166.
.................................................

(/usr/local/texlive/2016/texmf-dist/tex/latex/unicode-math/unicode-math-xetex.s
ty
.................................................
. LaTeX info: "xparse/define-command"
. 
. Defining command \setmathfontface with sig. 'mO{}mO{}' on line 165.
.................................................
.................................................
. LaTeX info: "xparse/define-command"
. 
. Defining command \setoperatorfont with sig. 'm' on line 169.
.................................................
.................................................
. LaTeX info: "xparse/define-command"
. 
. Defining command \setmathfont with sig. 'O{}mO{}' on line 278.
.................................................
.................................................
. LaTeX info: "xparse/define-command"
. 
. Defining command \addnolimits with sig. 'm' on line 520.
.................................................
.................................................
. LaTeX info: "xparse/define-command"
. 
. Defining command \removenolimits with sig. 'm' on line 524.
.................................................

(/usr/local/texlive/2016/texmf-dist/tex/latex/unicode-math/unicode-math-table.t
ex)
.................................................
. unicode-math info: "patch-macro"
. 
. I'm going to patch macro \subarray.
.................................................
.................................................
. unicode-math info: "patch-macro"
. 
. I'm going to patch macro \r@@t.
.................................................
)) (/usr/local/texlive/2016/texmf-dist/tex/latex/upquote/upquote.sty
Package: upquote 2012/04/19 v1.3 upright-quote and grave-accent glyphs in verba
tim
(/usr/local/texlive/2016/texmf-dist/tex/latex/base/textcomp.sty
Package: textcomp 2017/02/22 v2.0g Standard LaTeX package
Package textcomp Info: Sub-encoding information:
(textcomp)               5 = only ISO-Adobe without \textcurrency
(textcomp)               4 = 5 + \texteuro
(textcomp)               3 = 4 + \textohm
(textcomp)               2 = 3 + \textestimated + \textcurrency
(textcomp)               1 = TS1 - \textcircled - \t
(textcomp)               0 = TS1 (full)
(textcomp)             Font families with sub-encoding setting implement
(textcomp)             only a restricted character set as indicated.
(textcomp)             Family '?' is the default used for unknown fonts.
(textcomp)             See the documentation for details.
Package textcomp Info: Setting ? sub-encoding to TS1/1 on input line 79.
(/usr/local/texlive/2016/texmf-dist/tex/latex/base/ts1enc.def
File: ts1enc.def 2001/06/05 v3.0e (jk/car/fm) Standard LaTeX file
LaTeX Font Info:    Redeclaring font encoding TS1 on input line 47.
)
LaTeX Info: Redefining \oldstylenums on input line 334.
Package textcomp Info: Setting cmr sub-encoding to TS1/0 on input line 349.
Package textcomp Info: Setting cmss sub-encoding to TS1/0 on input line 350.
Package textcomp Info: Setting cmtt sub-encoding to TS1/0 on input line 351.
Package textcomp Info: Setting cmvtt sub-encoding to TS1/0 on input line 352.
Package textcomp Info: Setting cmbr sub-encoding to TS1/0 on input line 353.
Package textcomp Info: Setting cmtl sub-encoding to TS1/0 on input line 354.
Package textcomp Info: Setting ccr sub-encoding to TS1/0 on input line 355.
Package textcomp Info: Setting ptm sub-encoding to TS1/4 on input line 356.
Package textcomp Info: Setting pcr sub-encoding to TS1/4 on input line 357.
Package textcomp Info: Setting phv sub-encoding to TS1/4 on input line 358.
Package textcomp Info: Setting ppl sub-encoding to TS1/3 on input line 359.
Package textcomp Info: Setting pag sub-encoding to TS1/4 on input line 360.
Package textcomp Info: Setting pbk sub-encoding to TS1/4 on input line 361.
Package textcomp Info: Setting pnc sub-encoding to TS1/4 on input line 362.
Package textcomp Info: Setting pzc sub-encoding to TS1/4 on input line 363.
Package textcomp Info: Setting bch sub-encoding to TS1/4 on input line 364.
Package textcomp Info: Setting put sub-encoding to TS1/5 on input line 365.
Package textcomp Info: Setting uag sub-encoding to TS1/5 on input line 366.
Package textcomp Info: Setting ugq sub-encoding to TS1/5 on input line 367.
Package textcomp Info: Setting ul8 sub-encoding to TS1/4 on input line 368.
Package textcomp Info: Setting ul9 sub-encoding to TS1/4 on input line 369.
Package textcomp Info: Setting augie sub-encoding to TS1/5 on input line 370.
Package textcomp Info: Setting dayrom sub-encoding to TS1/3 on input line 371.
Package textcomp Info: Setting dayroms sub-encoding to TS1/3 on input line 372.

Package textcomp Info: Setting pxr sub-encoding to TS1/0 on input line 373.
Package textcomp Info: Setting pxss sub-encoding to TS1/0 on input line 374.
Package textcomp Info: Setting pxtt sub-encoding to TS1/0 on input line 375.
Package textcomp Info: Setting txr sub-encoding to TS1/0 on input line 376.
Package textcomp Info: Setting txss sub-encoding to TS1/0 on input line 377.
Package textcomp Info: Setting txtt sub-encoding to TS1/0 on input line 378.
Package textcomp Info: Setting lmr sub-encoding to TS1/0 on input line 379.
Package textcomp Info: Setting lmdh sub-encoding to TS1/0 on input line 380.
Package textcomp Info: Setting lmss sub-encoding to TS1/0 on input line 381.
Package textcomp Info: Setting lmssq sub-encoding to TS1/0 on input line 382.
Package textcomp Info: Setting lmvtt sub-encoding to TS1/0 on input line 383.
Package textcomp Info: Setting lmtt sub-encoding to TS1/0 on input line 384.
Package textcomp Info: Setting qhv sub-encoding to TS1/0 on input line 385.
Package textcomp Info: Setting qag sub-encoding to TS1/0 on input line 386.
Package textcomp Info: Setting qbk sub-encoding to TS1/0 on input line 387.
Package textcomp Info: Setting qcr sub-encoding to TS1/0 on input line 388.
Package textcomp Info: Setting qcs sub-encoding to TS1/0 on input line 389.
Package textcomp Info: Setting qpl sub-encoding to TS1/0 on input line 390.
Package textcomp Info: Setting qtm sub-encoding to TS1/0 on input line 391.
Package textcomp Info: Setting qzc sub-encoding to TS1/0 on input line 392.
Package textcomp Info: Setting qhvc sub-encoding to TS1/0 on input line 393.
Package textcomp Info: Setting futs sub-encoding to TS1/4 on input line 394.
Package textcomp Info: Setting futx sub-encoding to TS1/4 on input line 395.
Package textcomp Info: Setting futj sub-encoding to TS1/4 on input line 396.
Package textcomp Info: Setting hlh sub-encoding to TS1/3 on input line 397.
Package textcomp Info: Setting hls sub-encoding to TS1/3 on input line 398.
Package textcomp Info: Setting hlst sub-encoding to TS1/3 on input line 399.
Package textcomp Info: Setting hlct sub-encoding to TS1/5 on input line 400.
Package textcomp Info: Setting hlx sub-encoding to TS1/5 on input line 401.
Package textcomp Info: Setting hlce sub-encoding to TS1/5 on input line 402.
Package textcomp Info: Setting hlcn sub-encoding to TS1/5 on input line 403.
Package textcomp Info: Setting hlcw sub-encoding to TS1/5 on input line 404.
Package textcomp Info: Setting hlcf sub-encoding to TS1/5 on input line 405.
Package textcomp Info: Setting pplx sub-encoding to TS1/3 on input line 406.
Package textcomp Info: Setting pplj sub-encoding to TS1/3 on input line 407.
Package textcomp Info: Setting ptmx sub-encoding to TS1/4 on input line 408.
Package textcomp Info: Setting ptmj sub-encoding to TS1/4 on input line 409.
)) (/usr/local/texlive/2016/texmf-dist/tex/latex/microtype/microtype.sty
Package: microtype 2016/05/14 v2.6a Micro-typographical refinements (RS)
(/usr/local/texlive/2016/texmf-dist/tex/latex/graphics/keyval.sty
Package: keyval 2014/10/28 v1.15 key=value parser (DPC)
\KV@toks@=\toks20
)
\MT@toks=\toks21
\MT@count=\count147
LaTeX Info: Redefining \textls on input line 774.
\MT@outer@kern=\dimen146
LaTeX Info: Redefining \textmicrotypecontext on input line 1310.
\MT@listname@count=\count148
(/usr/local/texlive/2016/texmf-dist/tex/latex/microtype/microtype-xetex.def
File: microtype-xetex.def 2016/05/14 v2.6a Definitions specific to xetex (RS)
LaTeX Info: Redefining \lsstyle on input line 255.
)
Package microtype Info: Loading configuration file microtype.cfg.
(/usr/local/texlive/2016/texmf-dist/tex/latex/microtype/microtype.cfg
File: microtype.cfg 2016/05/14 v2.6a microtype main configuration file (RS)
)) (/usr/local/texlive/2016/texmf-dist/tex/latex/parskip/parskip.sty
Package: parskip 2001/04/09 non-zero parskip adjustments
) (/usr/local/texlive/2016/texmf-dist/tex/latex/hyperref/hyperref.sty
Package: hyperref 2017/03/14 v6.85a Hypertext links for LaTeX
(/usr/local/texlive/2016/texmf-dist/tex/generic/oberdiek/hobsub-hyperref.sty
Package: hobsub-hyperref 2016/05/16 v1.14 Bundle oberdiek, subset hyperref (HO)

(/usr/local/texlive/2016/texmf-dist/tex/generic/oberdiek/hobsub-generic.sty
Package: hobsub-generic 2016/05/16 v1.14 Bundle oberdiek, subset generic (HO)
Package: hobsub 2016/05/16 v1.14 Construct package bundles (HO)
Package: infwarerr 2016/05/16 v1.4 Providing info/warning/error messages (HO)
Package: ltxcmds 2016/05/16 v1.23 LaTeX kernel commands for general use (HO)
Package hobsub Info: Skipping package `ifluatex' (already loaded).
Package: ifvtex 2016/05/16 v1.6 Detect VTeX and its facilities (HO)
Package ifvtex Info: VTeX not detected.
Package: intcalc 2016/05/16 v1.2 Expandable calculations with integers (HO)
Package: ifpdf 2017/03/15 v3.2 Provides the ifpdf switch
Package: etexcmds 2016/05/16 v1.6 Avoid name clashes with e-TeX commands (HO)
Package etexcmds Info: Could not find \expanded.
(etexcmds)             That can mean that you are not using pdfTeX 1.50 or
(etexcmds)             that some package has redefined \expanded.
(etexcmds)             In the latter case, load this package earlier.
Package: kvsetkeys 2016/05/16 v1.17 Key value parser (HO)
Package: kvdefinekeys 2016/05/16 v1.4 Define keys (HO)
Package: pdftexcmds 2017/03/19 v0.25 Utility functions of pdfTeX for LuaTeX (HO
)
Package pdftexcmds Info: LuaTeX not detected.
Package pdftexcmds Info: pdfTeX >= 1.30 not detected.
Package pdftexcmds Info: \pdf@primitive is available.
Package pdftexcmds Info: \pdf@ifprimitive is available.
Package pdftexcmds Info: \pdfdraftmode not found.
Package: pdfescape 2016/05/16 v1.14 Implements pdfTeX's escape features (HO)
Package: bigintcalc 2016/05/16 v1.4 Expandable calculations on big integers (HO
)
Package: bitset 2016/05/16 v1.2 Handle bit-vector datatype (HO)
Package: uniquecounter 2016/05/16 v1.3 Provide unlimited unique counter (HO)
)
Package hobsub Info: Skipping package `hobsub' (already loaded).
Package: letltxmacro 2016/05/16 v1.5 Let assignment for LaTeX macros (HO)
Package: hopatch 2016/05/16 v1.3 Wrapper for package hooks (HO)
Package: xcolor-patch 2016/05/16 xcolor patch
Package: atveryend 2016/05/16 v1.9 Hooks at the very end of document (HO)
Package atveryend Info: \enddocument detected (standard20110627).
Package: atbegshi 2016/06/09 v1.18 At begin shipout hook (HO)
Package: refcount 2016/05/16 v3.5 Data extraction from label references (HO)
Package: hycolor 2016/05/16 v1.8 Color options for hyperref/bookmark (HO)
) (/usr/local/texlive/2016/texmf-dist/tex/latex/oberdiek/auxhook.sty
Package: auxhook 2016/05/16 v1.4 Hooks for auxiliary files (HO)
) (/usr/local/texlive/2016/texmf-dist/tex/latex/oberdiek/kvoptions.sty
Package: kvoptions 2016/05/16 v3.12 Key value format for package options (HO)
)
\@linkdim=\dimen147
\Hy@linkcounter=\count149
\Hy@pagecounter=\count150
(/usr/local/texlive/2016/texmf-dist/tex/latex/hyperref/pd1enc.def
File: pd1enc.def 2017/03/14 v6.85a Hyperref: PDFDocEncoding definition (HO)
)
\Hy@SavedSpaceFactor=\count151
(/usr/local/texlive/2016/texmf-dist/tex/latex/latexconfig/hyperref.cfg
File: hyperref.cfg 2002/06/06 v1.2 hyperref configuration of TeXLive
)
Package hyperref Info: Option `unicode' set `true' on input line 4374.
(/usr/local/texlive/2016/texmf-dist/tex/latex/hyperref/puenc.def
File: puenc.def 2017/03/14 v6.85a Hyperref: PDF Unicode definition (HO)
)
Package hyperref Info: Hyper figures OFF on input line 4498.
Package hyperref Info: Link nesting OFF on input line 4503.
Package hyperref Info: Hyper index ON on input line 4506.
Package hyperref Info: Plain pages OFF on input line 4513.
Package hyperref Info: Backreferencing OFF on input line 4518.
Package hyperref Info: Implicit mode ON; LaTeX internals redefined.
Package hyperref Info: Bookmarks ON on input line 4751.
\c@Hy@tempcnt=\count152
(/usr/local/texlive/2016/texmf-dist/tex/latex/url/url.sty
\Urlmuskip=\muskip18
Package: url 2013/09/16  ver 3.4  Verb mode for urls, etc.
)
LaTeX Info: Redefining \url on input line 5104.
\XeTeXLinkMargin=\dimen148
\Fld@menulength=\count153
\Field@Width=\dimen149
\Fld@charsize=\dimen150
Package hyperref Info: Hyper figures OFF on input line 6358.
Package hyperref Info: Link nesting OFF on input line 6363.
Package hyperref Info: Hyper index ON on input line 6366.
Package hyperref Info: backreferencing OFF on input line 6373.
Package hyperref Info: Link coloring OFF on input line 6378.
Package hyperref Info: Link coloring with OCG OFF on input line 6383.
Package hyperref Info: PDF/A mode OFF on input line 6388.
LaTeX Info: Redefining \ref on input line 6428.
LaTeX Info: Redefining \pageref on input line 6432.
\Hy@abspage=\count154
\c@Item=\count155
\c@Hfootnote=\count156
)

Package hyperref Message: Driver (autodetected): hxetex.

(/usr/local/texlive/2016/texmf-dist/tex/latex/hyperref/hxetex.def
File: hxetex.def 2017/03/14 v6.85a Hyperref driver for XeTeX
(/usr/local/texlive/2016/texmf-dist/tex/generic/oberdiek/stringenc.sty
Package: stringenc 2016/05/16 v1.11 Convert strings between diff. encodings (HO
)
)
\pdfm@box=\box44
\c@Hy@AnnotLevel=\count157
\HyField@AnnotCount=\count158
\Fld@listcount=\count159
\c@bookmark@seq@number=\count160
(/usr/local/texlive/2016/texmf-dist/tex/latex/oberdiek/rerunfilecheck.sty
Package: rerunfilecheck 2016/05/16 v1.8 Rerun checks for auxiliary files (HO)
Package rerunfilecheck Info: Feature \pdfmdfivesum is not available
(rerunfilecheck)             (e.g. pdfTeX or LuaTeX with package `pdftexcmds').

(rerunfilecheck)             Therefore file contents cannot be checked efficien
tly
(rerunfilecheck)             and the loading of the package is aborted.
)
\Hy@SectionHShift=\skip52
)
Package hyperref Info: Option `breaklinks' set `true' on input line 35.
(/usr/local/texlive/2016/texmf-dist/tex/latex/graphics/color.sty
Package: color 2016/07/10 v1.1e Standard LaTeX Color (DPC)
(/usr/local/texlive/2016/texmf-dist/tex/latex/graphics-cfg/color.cfg
File: color.cfg 2016/01/02 v1.6 sample color configuration
)
Package color Info: Driver file: xetex.def on input line 147.
(/usr/local/texlive/2016/texmf-dist/tex/xelatex/xetex-def/xetex.def
File: xetex.def 2016/04/06 v4.08 LaTeX color/graphics driver for XeTeX (TeX Liv
e/RRM/JK)
)) (/usr/local/texlive/2016/texmf-dist/tex/latex/fancyvrb/fancyvrb.sty
Package: fancyvrb 2008/02/07

Style option: `fancyvrb' v2.7a, with DG/SPQR fixes, and firstline=lastline fix 
<2008/02/07> (tvz)
\FV@CodeLineNo=\count161
\FV@InFile=\read2
\FV@TabBox=\box45
\c@FancyVerbLine=\count162
\FV@StepNumber=\count163
\FV@OutFile=\write3
) (/usr/local/texlive/2016/texmf-dist/tex/latex/framed/framed.sty
Package: framed 2011/10/22 v 0.96: framed or shaded text with page breaks
\OuterFrameSep=\skip53
\fb@frw=\dimen151
\fb@frh=\dimen152
\FrameRule=\dimen153
\FrameSep=\dimen154
) (/usr/local/texlive/2016/texmf-dist/tex/latex/tools/longtable.sty
Package: longtable 2014/10/28 v4.11 Multi-page Table package (DPC)
\LTleft=\skip54
\LTright=\skip55
\LTpre=\skip56
\LTpost=\skip57
\LTchunksize=\count164
\LTcapwidth=\dimen155
\LT@head=\box46
\LT@firsthead=\box47
\LT@foot=\box48
\LT@lastfoot=\box49
\LT@cols=\count165
\LT@rows=\count166
\c@LT@tables=\count167
\c@LT@chunks=\count168
\LT@p@ftn=\toks22
) (/usr/local/texlive/2016/texmf-dist/tex/latex/booktabs/booktabs.sty
Package: booktabs 2016/04/27 v1.618033 publication quality tables
\heavyrulewidth=\dimen156
\lightrulewidth=\dimen157
\cmidrulewidth=\dimen158
\belowrulesep=\dimen159
\belowbottomsep=\dimen160
\aboverulesep=\dimen161
\abovetopsep=\dimen162
\cmidrulesep=\dimen163
\cmidrulekern=\dimen164
\defaultaddspace=\dimen165
\@cmidla=\count169
\@cmidlb=\count170
\@aboverulesep=\dimen166
\@belowrulesep=\dimen167
\@thisruleclass=\count171
\@lastruleclass=\count172
\@thisrulewidth=\dimen168
) (/usr/local/texlive/2016/texmf-dist/tex/latex/mdwtools/footnote.sty
Package: footnote 1997/01/28 1.13 Save footnotes around boxes
\fn@notes=\box50
\fn@width=\dimen169
) (/usr/local/texlive/2016/texmf-dist/tex/latex/graphics/graphicx.sty
Package: graphicx 2014/10/28 v1.0g Enhanced LaTeX Graphics (DPC,SPQR)
(/usr/local/texlive/2016/texmf-dist/tex/latex/graphics/graphics.sty
Package: graphics 2016/10/09 v1.0u Standard LaTeX Graphics (DPC,SPQR)
(/usr/local/texlive/2016/texmf-dist/tex/latex/graphics/trig.sty
Package: trig 2016/01/03 v1.10 sin cos tan (DPC)
) (/usr/local/texlive/2016/texmf-dist/tex/latex/graphics-cfg/graphics.cfg
File: graphics.cfg 2016/06/04 v1.11 sample graphics configuration
)
Package graphics Info: Driver file: xetex.def on input line 99.
)
\Gin@req@height=\dimen170
\Gin@req@width=\dimen171
) (/usr/local/texlive/2016/texmf-dist/tex/latex/oberdiek/grffile.sty
Package: grffile 2016/05/16 v1.17 Extended file name support for graphics (HO)
Package grffile Info: \Gread@QTm patched on input line 253.
Package grffile Info: \Gread@eps patched on input line 303.
Package grffile Info: Option `multidot' is set to `true'.
Package grffile Info: Option `extendedchars' is set to `false'.
Package grffile Info: Option `space' is set to `true'.
Package grffile Info: \Gin@ii of package `graphicx' fixed on input line 486.
) (/usr/local/texlive/2016/texmf-dist/tex/latex/amscls/amsthm.sty
Package: amsthm 2015/03/04 v2.20.2
\thm@style=\toks23
\thm@bodyfont=\toks24
\thm@headfont=\toks25
\thm@notefont=\toks26
\thm@headpunct=\toks27
\thm@preskip=\skip58
\thm@postskip=\skip59
\thm@headsep=\skip60
\dth@everypar=\toks28
) (/usr/local/texlive/2016/texmf-dist/tex/latex/natbib/natbib.sty
Package: natbib 2010/09/13 8.31b (PWD, AO)
\bibhang=\skip61
\bibsep=\skip62
LaTeX Info: Redefining \cite on input line 694.
\c@NAT@ctr=\count173
)
No file statistics.aux.
\openout1 = `statistics.aux'.

LaTeX Font Info:    Checking defaults for OML/cmm/m/it on input line 128.
LaTeX Font Info:    ... okay on input line 128.
LaTeX Font Info:    Checking defaults for T1/cmr/m/n on input line 128.
LaTeX Font Info:    ... okay on input line 128.
LaTeX Font Info:    Checking defaults for OT1/cmr/m/n on input line 128.
LaTeX Font Info:    ... okay on input line 128.
LaTeX Font Info:    Checking defaults for OMS/cmsy/m/n on input line 128.
LaTeX Font Info:    ... okay on input line 128.
LaTeX Font Info:    Checking defaults for TU/lmr/m/n on input line 128.
LaTeX Font Info:    ... okay on input line 128.
LaTeX Font Info:    Checking defaults for OMX/cmex/m/n on input line 128.
LaTeX Font Info:    ... okay on input line 128.
LaTeX Font Info:    Checking defaults for U/cmr/m/n on input line 128.
LaTeX Font Info:    ... okay on input line 128.
LaTeX Font Info:    Checking defaults for TS1/cmr/m/n on input line 128.
LaTeX Font Info:    ... okay on input line 128.
LaTeX Font Info:    Checking defaults for PD1/pdf/m/n on input line 128.
LaTeX Font Info:    ... okay on input line 128.
LaTeX Font Info:    Checking defaults for PU/pdf/m/n on input line 128.
LaTeX Font Info:    ... okay on input line 128.
.................................................
. fontspec info: "set-scale"
. 
. latinmodern-math scale = 1.
.................................................
\g__fontspec_family_latinmodern-math.otf_int=\count174
.................................................
. fontspec info: "set-scale"
. 
. latinmodern-math scale = 1.
.................................................
.................................................
. fontspec info: "set-scale"
. 
. latinmodern-math scale = 1.
.................................................
.................................................
. fontspec info: "set-scale"
. 
. latinmodern-math scale = 1.
.................................................
.................................................
. fontspec info: "set-scale"
. 
. latinmodern-math scale = 1.
.................................................
.................................................
. fontspec info: "defining-font"
. 
. Font family 'latinmodern-math.otf(0)' created for font
. 'latinmodern-math.otf' with options
. [Ligatures=TeX,Scale=MatchLowercase,BoldItalicFont={},ItalicFont={},Script=Ma
th,SizeFeatures={{Size=10-},{Size=7-10,Font=latinmodern-math.otf,Style=MathScri
pt},{Size=-7,Font=latinmodern-math.otf,Style=MathScriptScript}},BoldFont={latin
modern-math.otf}].
.  
.  This font family consists of the following NFSS series/shapes:
.  
. - 'normal' (m/n) with NFSS spec.:
. <10->s*[1]"[latinmodern-math.otf]/OT:script=math;language=DFLT;mapping=tex-te
xt;"<7-10>s*[1]"[latinmodern-math.otf]/OT:script=math;language=DFLT;+ssty=0;map
ping=tex-text;"<-7>s*[1]"[latinmodern-math.otf]/OT:script=math;language=DFLT;+s
sty=1;mapping=tex-text;"
. - 'small caps'  (m/sc) with NFSS spec.: 
. - 'bold' (bx/n) with NFSS spec.:
. <->s*[1]"[latinmodern-math.otf]/OT:script=math;language=DFLT;mapping=tex-text
;"
. - 'bold small caps'  (bx/sc) with NFSS spec.: 
.................................................
LaTeX Font Info:    Font shape `TU/latinmodern-math.otf(0)/m/n' will be
(Font)              scaled to size 10.0pt on input line 128.
.................................................
. fontspec info: "set-scale"
. 
. latinmodern-math scale = 1.
.................................................
LaTeX Font Info:    Encoding `OT1' has changed to `TU' for symbol font
(Font)              `operators' in the math version `normal' on input line 128.

LaTeX Font Info:    Overwriting symbol font `operators' in version `normal'
(Font)                  OT1/lmr/m/n --> TU/latinmodern-math.otf(0)/m/n on input
 line 128.
LaTeX Font Info:    Encoding `OT1' has changed to `TU' for symbol font
(Font)              `operators' in the math version `bold' on input line 128.
LaTeX Font Info:    Overwriting symbol font `operators' in version `bold'
(Font)                  OT1/lmr/bx/n --> TU/latinmodern-math.otf(0)/bx/n on inp
ut line 128.
.................................................
. fontspec info: "set-scale"
. 
. latinmodern-math scale = 1.
.................................................
.................................................
. fontspec info: "set-scale"
. 
. latinmodern-math scale = 1.
.................................................
.................................................
. fontspec info: "set-scale"
. 
. latinmodern-math scale = 1.
.................................................
.................................................
. fontspec info: "set-scale"
. 
. latinmodern-math scale = 1.
.................................................
.................................................
. fontspec info: "set-scale"
. 
. latinmodern-math scale = 1.
.................................................
.................................................
. fontspec info: "defining-font"
. 
. Font family 'latinmodern-math.otf(1)' created for font
. 'latinmodern-math.otf' with options
. [Ligatures=TeX,Scale=MatchLowercase,BoldItalicFont={},ItalicFont={},Script=Ma
th,SizeFeatures={{Size=10-},{Size=7-10,Font=latinmodern-math.otf,Style=MathScri
pt},{Size=-7,Font=latinmodern-math.otf,Style=MathScriptScript}},BoldFont={latin
modern-math.otf},Scale=1.00001,FontAdjustment={\fontdimen
. 8\font =6.77pt\relax \relax \fontdimen 9\font =3.94pt\relax \relax
. \fontdimen 10\font =4.44pt\relax \relax \fontdimen 11\font =6.86pt\relax
. \relax \fontdimen 12\font =3.45pt\relax \relax \fontdimen 13\font
. =3.63pt\relax \relax \fontdimen 14\font =3.63pt\relax \relax \fontdimen
. 15\font =2.89pt\relax \relax \fontdimen 16\font =2.47pt\relax \relax
. \fontdimen 17\font =2.47pt\relax \relax \fontdimen 18\font =2.5pt\relax
. \relax \fontdimen 19\font =2.0pt\relax \relax \fontdimen 20\font =0pt\relax
. \fontdimen 21\font =0pt\relax \fontdimen 22\font =2.5pt\relax \relax }].
.  
.  This font family consists of the following NFSS series/shapes:
.  
. - 'normal' (m/n) with NFSS spec.:
. <10->s*[1.00001]"[latinmodern-math.otf]/OT:script=math;language=DFLT;mapping=
tex-text;"<7-10>s*[1.00001]"[latinmodern-math.otf]/OT:script=math;language=DFLT
;+ssty=0;mapping=tex-text;"<-7>s*[1.00001]"[latinmodern-math.otf]/OT:script=mat
h;language=DFLT;+ssty=1;mapping=tex-text;"
. - 'small caps'  (m/sc) with NFSS spec.: 
. and font adjustment code:
. \fontdimen 8\font =6.77pt\relax \relax \fontdimen 9\font =3.94pt\relax
. \relax \fontdimen 10\font =4.44pt\relax \relax \fontdimen 11\font
. =6.86pt\relax \relax \fontdimen 12\font =3.45pt\relax \relax \fontdimen
. 13\font =3.63pt\relax \relax \fontdimen 14\font =3.63pt\relax \relax
. \fontdimen 15\font =2.89pt\relax \relax \fontdimen 16\font =2.47pt\relax
. \relax \fontdimen 17\font =2.47pt\relax \relax \fontdimen 18\font
. =2.5pt\relax \relax \fontdimen 19\font =2.0pt\relax \relax \fontdimen
. 20\font =0pt\relax \fontdimen 21\font =0pt\relax \fontdimen 22\font
. =2.5pt\relax \relax 
. - 'bold' (bx/n) with NFSS spec.:
. <->s*[1.00001]"[latinmodern-math.otf]/OT:script=math;language=DFLT;mapping=te
x-text;"
. - 'bold small caps'  (bx/sc) with NFSS spec.: 
. and font adjustment code:
. \fontdimen 8\font =6.77pt\relax \relax \fontdimen 9\font =3.94pt\relax
. \relax \fontdimen 10\font =4.44pt\relax \relax \fontdimen 11\font
. =6.86pt\relax \relax \fontdimen 12\font =3.45pt\relax \relax \fontdimen
. 13\font =3.63pt\relax \relax \fontdimen 14\font =3.63pt\relax \relax
. \fontdimen 15\font =2.89pt\relax \relax \fontdimen 16\font =2.47pt\relax
. \relax \fontdimen 17\font =2.47pt\relax \relax \fontdimen 18\font
. =2.5pt\relax \relax \fontdimen 19\font =2.0pt\relax \relax \fontdimen
. 20\font =0pt\relax \fontdimen 21\font =0pt\relax \fontdimen 22\font
. =2.5pt\relax \relax 
.................................................
LaTeX Font Info:    Encoding `OMS' has changed to `TU' for symbol font
(Font)              `symbols' in the math version `normal' on input line 128.
LaTeX Font Info:    Overwriting symbol font `symbols' in version `normal'
(Font)                  OMS/lmsy/m/n --> TU/latinmodern-math.otf(1)/m/n on inpu
t line 128.
LaTeX Font Info:    Encoding `OMS' has changed to `TU' for symbol font
(Font)              `symbols' in the math version `bold' on input line 128.
LaTeX Font Info:    Overwriting symbol font `symbols' in version `bold'
(Font)                  OMS/lmsy/b/n --> TU/latinmodern-math.otf(1)/bx/n on inp
ut line 128.
.................................................
. fontspec info: "set-scale"
. 
. latinmodern-math scale = 1.
.................................................
.................................................
. fontspec info: "set-scale"
. 
. latinmodern-math scale = 1.
.................................................
.................................................
. fontspec info: "set-scale"
. 
. latinmodern-math scale = 1.
.................................................
.................................................
. fontspec info: "set-scale"
. 
. latinmodern-math scale = 1.
.................................................
.................................................
. fontspec info: "set-scale"
. 
. latinmodern-math scale = 1.
.................................................
.................................................
. fontspec info: "defining-font"
. 
. Font family 'latinmodern-math.otf(2)' created for font
. 'latinmodern-math.otf' with options
. [Ligatures=TeX,Scale=MatchLowercase,BoldItalicFont={},ItalicFont={},Script=Ma
th,SizeFeatures={{Size=10-},{Size=7-10,Font=latinmodern-math.otf,Style=MathScri
pt},{Size=-7,Font=latinmodern-math.otf,Style=MathScriptScript}},BoldFont={latin
modern-math.otf},Scale=0.99999,FontAdjustment={\fontdimen
. 8\font =0.4pt\relax \relax \fontdimen 9\font =2.0pt\relax \relax \fontdimen
. 10\font =1.67pt\relax \relax \fontdimen 11\font =1.11pt\relax \relax
. \fontdimen 12\font =6.0pt\relax \relax \fontdimen 13\font =0pt\relax }].
.  
.  This font family consists of the following NFSS series/shapes:
.  
. - 'normal' (m/n) with NFSS spec.:
. <10->s*[0.99999]"[latinmodern-math.otf]/OT:script=math;language=DFLT;mapping=
tex-text;"<7-10>s*[0.99999]"[latinmodern-math.otf]/OT:script=math;language=DFLT
;+ssty=0;mapping=tex-text;"<-7>s*[0.99999]"[latinmodern-math.otf]/OT:script=mat
h;language=DFLT;+ssty=1;mapping=tex-text;"
. - 'small caps'  (m/sc) with NFSS spec.: 
. and font adjustment code:
. \fontdimen 8\font =0.4pt\relax \relax \fontdimen 9\font =2.0pt\relax \relax
. \fontdimen 10\font =1.67pt\relax \relax \fontdimen 11\font =1.11pt\relax
. \relax \fontdimen 12\font =6.0pt\relax \relax \fontdimen 13\font =0pt\relax 
. - 'bold' (bx/n) with NFSS spec.:
. <->s*[0.99999]"[latinmodern-math.otf]/OT:script=math;language=DFLT;mapping=te
x-text;"
. - 'bold small caps'  (bx/sc) with NFSS spec.: 
. and font adjustment code:
. \fontdimen 8\font =0.4pt\relax \relax \fontdimen 9\font =2.0pt\relax \relax
. \fontdimen 10\font =1.67pt\relax \relax \fontdimen 11\font =1.11pt\relax
. \relax \fontdimen 12\font =6.0pt\relax \relax \fontdimen 13\font =0pt\relax 
.................................................
LaTeX Font Info:    Encoding `OMX' has changed to `TU' for symbol font
(Font)              `largesymbols' in the math version `normal' on input line 1
28.
LaTeX Font Info:    Overwriting symbol font `largesymbols' in version `normal'
(Font)                  OMX/lmex/m/n --> TU/latinmodern-math.otf(2)/m/n on inpu
t line 128.
LaTeX Font Info:    Encoding `OMX' has changed to `TU' for symbol font
(Font)              `largesymbols' in the math version `bold' on input line 128
.
LaTeX Font Info:    Overwriting symbol font `largesymbols' in version `bold'
(Font)                  OMX/lmex/m/n --> TU/latinmodern-math.otf(2)/bx/n on inp
ut line 128.
LaTeX Info: Redefining \microtypecontext on input line 128.
Package microtype Info: Character protrusion enabled (level 2).
Package microtype Info: Using protrusion set `basicmath'.
Package microtype Info: No adjustment of tracking.
Package microtype Info: No adjustment of spacing.
Package microtype Info: No adjustment of kerning.

(/usr/local/texlive/2016/texmf-dist/tex/latex/microtype/mt-LatinModernRoman.cfg
File: mt-LatinModernRoman.cfg 2013/03/13 v1.0 microtype config. file: Latin Mod
ern Roman (RS)
)
\AtBeginShipoutBox=\box51
Package hyperref Info: Link coloring OFF on input line 128.
(/usr/local/texlive/2016/texmf-dist/tex/latex/hyperref/nameref.sty
Package: nameref 2016/05/21 v2.44 Cross-referencing by name of section
(/usr/local/texlive/2016/texmf-dist/tex/generic/oberdiek/gettitlestring.sty
Package: gettitlestring 2016/05/16 v1.5 Cleanup title references (HO)
)
\c@section@level=\count175
)
LaTeX Info: Redefining \ref on input line 128.
LaTeX Info: Redefining \pageref on input line 128.
LaTeX Info: Redefining \nameref on input line 128.
\@outlinefile=\write4
\openout4 = `statistics.out'.


Package hyperref Warning: Rerun to get /PageLabels entry.

LaTeX Font Info:    Font shape `TU/latinmodern-math.otf(0)/m/n' will be
(Font)              scaled to size 12.0pt on input line 130.
LaTeX Font Info:    Font shape `TU/latinmodern-math.otf(0)/m/n' will be
(Font)              scaled to size 8.0pt on input line 130.
LaTeX Font Info:    Font shape `TU/latinmodern-math.otf(0)/m/n' will be
(Font)              scaled to size 6.0pt on input line 130.
LaTeX Font Info:    Try loading font information for OML+lmm on input line 130.

(/usr/local/texlive/2016/texmf-dist/tex/latex/lm/omllmm.fd
File: omllmm.fd 2009/10/30 v1.6 Font defs for Latin Modern
)
LaTeX Font Info:    Font shape `TU/latinmodern-math.otf(1)/m/n' will be
(Font)              scaled to size 12.00018pt on input line 130.
LaTeX Font Info:    Font shape `TU/latinmodern-math.otf(1)/m/n' will be
(Font)              scaled to size 8.00012pt on input line 130.
LaTeX Font Info:    Font shape `TU/latinmodern-math.otf(1)/m/n' will be
(Font)              scaled to size 6.00009pt on input line 130.
LaTeX Font Info:    Font shape `TU/latinmodern-math.otf(2)/m/n' will be
(Font)              scaled to size 11.99982pt on input line 130.
LaTeX Font Info:    Font shape `TU/latinmodern-math.otf(2)/m/n' will be
(Font)              scaled to size 7.99988pt on input line 130.
LaTeX Font Info:    Font shape `TU/latinmodern-math.otf(2)/m/n' will be
(Font)              scaled to size 5.99991pt on input line 130.
LaTeX Font Info:    Try loading font information for U+msa on input line 130.
(/usr/local/texlive/2016/texmf-dist/tex/latex/amsfonts/umsa.fd
File: umsa.fd 2013/01/14 v3.01 AMS symbols A
) (/usr/local/texlive/2016/texmf-dist/tex/latex/microtype/mt-msa.cfg
File: mt-msa.cfg 2006/02/04 v1.1 microtype config. file: AMS symbols (a) (RS)
)
LaTeX Font Info:    Try loading font information for U+msb on input line 130.
(/usr/local/texlive/2016/texmf-dist/tex/latex/amsfonts/umsb.fd
File: umsb.fd 2013/01/14 v3.01 AMS symbols B
) (/usr/local/texlive/2016/texmf-dist/tex/latex/microtype/mt-msb.cfg
File: mt-msb.cfg 2005/06/01 v1.0 microtype config. file: AMS symbols (b) (RS)
) [1


] [2

]
\tf@toc=\write5
\openout5 = `statistics.toc'.

[3] [4

]
File: TextbookCover.png Graphic file (type QTm)
<use  "TextbookCover.png" >
Underfull \vbox (badness 10000) has occurred while \output is active []

[5]
LaTeX Font Info:    Font shape `TU/latinmodern-math.otf(0)/m/n' will be
(Font)              scaled to size 7.01236pt on input line 146.
LaTeX Font Info:    Font shape `TU/latinmodern-math.otf(0)/m/n' will be
(Font)              scaled to size 4.98074pt on input line 146.
LaTeX Font Info:    Font shape `TU/latinmodern-math.otf(1)/m/n' will be
(Font)              scaled to size 10.00015pt on input line 146.
LaTeX Font Info:    Font shape `TU/latinmodern-math.otf(1)/m/n' will be
(Font)              scaled to size 7.01247pt on input line 146.
LaTeX Font Info:    Font shape `TU/latinmodern-math.otf(1)/m/n' will be
(Font)              scaled to size 4.9808pt on input line 146.
LaTeX Font Info:    Font shape `TU/latinmodern-math.otf(2)/m/n' will be
(Font)              scaled to size 9.99985pt on input line 146.
LaTeX Font Info:    Font shape `TU/latinmodern-math.otf(2)/m/n' will be
(Font)              scaled to size 7.01224pt on input line 146.
LaTeX Font Info:    Font shape `TU/latinmodern-math.otf(2)/m/n' will be
(Font)              scaled to size 4.98067pt on input line 146.
[6] [7] [8] [9] [10]
Chapter 1.
[11

] [12]

Package longtable Warning: Column widths have changed
(longtable)                in table 1.1 on input line 382.


Package natbib Warning: Citation `Evans1983' on page 13 undefined on input line
 386.


Package longtable Warning: Column widths have changed
(longtable)                in table 1.2 on input line 396.


Overfull \vbox (2.42184pt too high) has occurred while \output is active []

[13]

Package longtable Warning: Column widths have changed
(longtable)                in table 1.3 on input line 408.


Package longtable Warning: Column widths have changed
(longtable)                in table 1.4 on input line 426.

[14]

Package natbib Warning: Citation `Bickel1975' on page 15 undefined on input lin
e 432.


Overfull \hbox (0.29pt too wide) in alignment at lines 436--445
 [] [] [] [] [] 
 []


Package longtable Warning: Column widths have changed
(longtable)                in table 1.5 on input line 445.


LaTeX Warning: Reference `fig:1simpson' on page 15 undefined on input line 449.


[15]
File: figures/1Simpson.png Graphic file (type QTm)
<use  "figures/1Simpson.png" > [16]
Underfull \vbox (badness 10000) has occurred while \output is active []

[17] [18]
Underfull \hbox (badness 10000) in paragraph at lines 512--513

 []


Underfull \hbox (badness 1082) in paragraph at lines 520--520
[]\TU/lmr/bx/n/14.4 Theres more to research methods than
 []


Underfull \vbox (badness 10000) has occurred while \output is active []

[19]

Package natbib Warning: Citation `Campbell1963' on page 20 undefined on input l
ine 529.


Package natbib Warning: Citation `Stevens1946' on page 20 undefined on input li
ne 529.

[20] [21] [22] [23] [24]
Underfull \hbox (badness 10000) in paragraph at lines 661--663

 []


Underfull \hbox (badness 10000) in paragraph at lines 663--665

 []


Underfull \hbox (badness 10000) in paragraph at lines 665--667

 []

[25]
Underfull \hbox (badness 10000) in paragraph at lines 679--681

 []


Underfull \hbox (badness 10000) in paragraph at lines 681--683

 []


Underfull \hbox (badness 10000) in paragraph at lines 683--685

 []


Package longtable Warning: Column widths have changed
(longtable)                in table 1.8 on input line 703.


Underfull \vbox (badness 2951) has occurred while \output is active []

[26]
Underfull \vbox (badness 5519) has occurred while \output is active []

[27]

Package longtable Warning: Column widths have changed
(longtable)                in table 1.9 on input line 754.

[28] [29] [30]
Underfull \hbox (badness 2435) in paragraph at lines 806--808
[]\TU/lmr/bx/n/10 Parallel forms reliability\TU/lmr/m/n/10 . This relates to co
nsistency across
 []


Underfull \hbox (badness 2103) in paragraph at lines 806--808
\TU/lmr/m/n/10 theoretically-equivalent measurements: if I use a different set 
of
 []


Underfull \vbox (badness 10000) has occurred while \output is active []

[31]

Package longtable Warning: Column widths have changed
(longtable)                in table 1.10 on input line 835.

[32]

Package longtable Warning: Column widths have changed
(longtable)                in table 1.11 on input line 852.


Underfull \hbox (badness 1852) in paragraph at lines 855--855
[]\TU/lmr/bx/n/14.4 Experimental and non-experimental re-
 []

[33] [34] [35] [36] [37]
Underfull \vbox (badness 2035) has occurred while \output is active []

[38]
Overfull \hbox (2.54453pt too wide) has occurred while \output is active
\TU/lmr/m/sl/10 1.13.  CONFOUNDS, ARTIFACTS AND OTHER THREATS TO VALIDITY \TU/l
mr/m/n/10 39
 []

[39] [40]
Overfull \hbox (2.54453pt too wide) has occurred while \output is active
\TU/lmr/m/sl/10 1.13.  CONFOUNDS, ARTIFACTS AND OTHER THREATS TO VALIDITY \TU/l
mr/m/n/10 41
 []

[41] [42]
Overfull \hbox (2.54453pt too wide) has occurred while \output is active
\TU/lmr/m/sl/10 1.13.  CONFOUNDS, ARTIFACTS AND OTHER THREATS TO VALIDITY \TU/l
mr/m/n/10 43
 []

[43]

Package natbib Warning: Citation `Kahneman1973' on page 44 undefined on input l
ine 1035.

[44]

Package natbib Warning: Citation `Pfungst1911' on page 45 undefined on input li
ne 1040.


Package natbib Warning: Citation `Pfungst1911' on page 45 undefined on input li
ne 1040.


Package natbib Warning: Citation `Hothersall2004' on page 45 undefined on input
 line 1040.


Overfull \hbox (2.54453pt too wide) has occurred while \output is active
\TU/lmr/m/sl/10 1.13.  CONFOUNDS, ARTIFACTS AND OTHER THREATS TO VALIDITY \TU/l
mr/m/n/10 45
 []

[45]

Package natbib Warning: Citation `Rosenthal1966' on page 46 undefined on input 
line 1047.


Package natbib Warning: Citation `Adair1984' on page 46 undefined on input line
 1047.

[46]
Underfull \hbox (badness 10000) in paragraph at lines 1076--1077

 []


Overfull \hbox (2.54453pt too wide) has occurred while \output is active
\TU/lmr/m/sl/10 1.13.  CONFOUNDS, ARTIFACTS AND OTHER THREATS TO VALIDITY \TU/l
mr/m/n/10 47
 []

[47] [48]

Package natbib Warning: Citation `Ioannidis2005' on page 49 undefined on input 
line 1095.


Package natbib Warning: Citation `Kuhberger2014' on page 49 undefined on input 
line 1095.


Overfull \hbox (2.54453pt too wide) has occurred while \output is active
\TU/lmr/m/sl/10 1.13.  CONFOUNDS, ARTIFACTS AND OTHER THREATS TO VALIDITY \TU/l
mr/m/n/10 49
 []

[49] [50]

Package natbib Warning: Citation `Campbell1963' on page 51 undefined on input l
ine 1120.

[51] [52

]
Chapter 2.
[53] [54] [55] [56] [57] [58] [59] [60] [61] [62] [63] [64] [65] [66] [67] [68]
[69]
File: statistics_files/figure-latex/2happyPlot-1.pdf Graphic file (type QTm)
<use  "statistics_files/figure-latex/2happyPlot-1.pdf" >

LaTeX Warning: Reference `fig:2happyPlot' on page 70 undefined on input line 21
84.

[70]
File: statistics_files/figure-latex/2happyHist-1.pdf Graphic file (type QTm)
<use  "statistics_files/figure-latex/2happyHist-1.pdf" >
Underfull \vbox (badness 10000) has occurred while \output is active []

[71]
File: statistics_files/figure-latex/2manyhistbin-1.pdf Graphic file (type QTm)
<use  "statistics_files/figure-latex/2manyhistbin-1.pdf" > [72]
Overfull \hbox (62.41672pt too wide) has occurred while \output is active
\TU/lmr/m/sl/10 2.3.  IMPORTANT IDEAS: DISTRIBUTION, CENTRAL TENDENCY, AND VARI
ANCE \TU/lmr/m/n/10 73
 []

[73] [74] [75] [76] [77]
File: statistics_files/figure-latex/2meanmodemed-1.pdf Graphic file (type QTm)
<use  "statistics_files/figure-latex/2meanmodemed-1.pdf" > [78] [79] [80] [81] 
[82] [83] [84] [85] [86] [87] [88] [89] [90] [91] [92] [93] [94] [95] [96]

Package natbib Warning: Citation `Anscombe1973' on page 97 undefined on input l
ine 3196.

File: statistics_files/figure-latex/unnamed-chunk-3-1.pdf Graphic file (type QT
m)
<use  "statistics_files/figure-latex/unnamed-chunk-3-1.pdf" > [97]

Package natbib Warning: Citation `matejka2017same' on page 98 undefined on inpu
t line 3257.

[98] [99] [100

]
Chapter 3.
[101]
Underfull \hbox (badness 2653) in paragraph at lines 3303--3303
[]\TU/lmr/bx/n/14.4 If something caused something else to
 []

[102]
Overfull \hbox (140.14903pt too wide) has occurred while \output is active
\TU/lmr/m/sl/10 3.1.  IF SOMETHING CAUSED SOMETHING ELSE TO CHANGE, WHAT WOULD 
THAT LOOK LIKE? \TU/lmr/m/n/10 103
 []

[103]
File: statistics_files/figure-latex/3scatter1-1.pdf Graphic file (type QTm)
<use  "statistics_files/figure-latex/3scatter1-1.pdf" > [104]
Overfull \hbox (140.14903pt too wide) has occurred while \output is active
\TU/lmr/m/sl/10 3.1.  IF SOMETHING CAUSED SOMETHING ELSE TO CHANGE, WHAT WOULD 
THAT LOOK LIKE? \TU/lmr/m/n/10 105
 []

[105]
File: statistics_files/figure-latex/3posnegrand-1.pdf Graphic file (type QTm)
<use  "statistics_files/figure-latex/3posnegrand-1.pdf" > [106]

Package natbib Warning: Citation `salsburg2001lady' on page 107 undefined on in
put line 3434.

[107] [108] [109] [110] [111] [112] [113] [114]
File: statistics_files/figure-latex/3simsum-1.pdf Graphic file (type QTm)
<use  "statistics_files/figure-latex/3simsum-1.pdf" >
Underfull \vbox (badness 10000) has occurred while \output is active []

[115] [116] [117] [118] [119] [120] [121]
File: statistics_files/figure-latex/3onethousandr-1.pdf Graphic file (type QTm)

<use  "statistics_files/figure-latex/3onethousandr-1.pdf" >
File: statistics_files/figure-latex/3hsrdata-1.pdf Graphic file (type QTm)
<use  "statistics_files/figure-latex/3hsrdata-1.pdf" > [122]
File: statistics_files/figure-latex/3regression-1.pdf Graphic file (type QTm)
<use  "statistics_files/figure-latex/3regression-1.pdf" > [123] [124]
File: statistics_files/figure-latex/3regressionResiduals-1.pdf Graphic file (ty
pe QTm)
<use  "statistics_files/figure-latex/3regressionResiduals-1.pdf" > [125]
! Unable to load picture or PDF file 'gifs/regression-1.gif'.
<to be read again> 
                   }
l.4125 \includegraphics{gifs/regression-1.gif}
                                               
Here is how much of TeX's memory you used:
 24216 strings out of 493068
 435762 string characters out of 6135636
 625242 words of memory out of 5000000
 27878 multiletter control sequences out of 15000+600000
 10050 words of font info for 69 fonts, out of 8000000 for 9000
 1347 hyphenation exceptions out of 8191
 58i,6n,120p,10419b,544s stack positions out of 5000i,500n,10000p,200000b,80000s

Output written on statistics.pdf (125 pages).
